<?xml version="1.0" encoding="UTF-8"?>
<!-- Generated by org.testng.reporters.JUnitXMLReporter -->
<testsuite hostname="LAPTOP-QG1G9QI5" ignored="1" name="Hub Spot Functional Regression Test" tests="6" failures="1" timestamp="22 Feb 2020 00:54:19 GMT" time="36.424" errors="0">
  <testcase name="verifyLoginPageTitleTest" time="6.234" classname="com.qa.hubspot.tests.LoginPageTest"/>
  <testcase name="verifyHomePageTitleTest" time="0.021" classname="com.qa.hubspot.tests.HomePageTest"/>
  <testcase name="verifySignUpLinkTest" time="1.093" classname="com.qa.hubspot.tests.LoginPageTest"/>
  <testcase name="verifyHomePageHeaderTest" time="0.056" classname="com.qa.hubspot.tests.HomePageTest"/>
  <testcase name="loginTest" time="3.847" classname="com.qa.hubspot.tests.LoginPageTest">
    <failure type="java.lang.AssertionError" message="expected [minhchau] but found [null]">
      <![CDATA[java.lang.AssertionError: expected [minhchau] but found [null]
at com.qa.hubspot.tests.LoginPageTest.loginTest(LoginPageTest.java:74)
... Removed 34 stack frames]]>
    </failure>
  </testcase> <!-- loginTest -->
  <testcase name="verifyLoggedInUserTest" time="0.862" classname="com.qa.hubspot.tests.HomePageTest"/>
  <testcase name="invalidLoginTest" time="0.0" classname="com.qa.hubspot.tests.LoginPageTest">
    <ignored/>
  </testcase> <!-- invalidLoginTest -->
</testsuite> <!-- Hub Spot Functional Regression Test -->
